

Starting up. 21:12.15
---------------------

[21:12:15]ADMIN: Loading jobban_rank
[21:12:15]ADMIN: jobban_keylist was empty
[21:12:15]ADMIN: Updating jobbanfile!
[21:12:15]ADMIN: Loading Banlist
[21:12:15]ADMIN: Banlist is empty.
[21:12:15]ADMIN: Banlist missing base dir.
[21:12:15]ADMIN: Loading whitelist
[21:12:15]ADMIN: Failed to load bwhitelist. Error: Не найден указанный модуль.

No donators.txt file found
[21:14:28]ACCESS: Login: Kavainoe4udo/(Kavainoe4udo) from 127.0.0.1-3883499222 || BYOND v496
[21:14:28]ACCESS: Login: Kavainoe4udo/(Kavainoe4udo) from 127.0.0.1
[21:14:40]ACCESS: Logout: Kavainoe4udo/(Kavainoe4udo)


Starting up. 21:22.55
---------------------

[21:22:55]ADMIN: Loading jobban_rank
[21:22:55]ADMIN: jobban_keylist was empty
[21:22:55]ADMIN: Updating jobbanfile!
[21:22:55]ADMIN: Loading Banlist
[21:22:55]ADMIN: Loading whitelist
[21:22:55]ADMIN: Failed to load bwhitelist. Error: Не найден указанный модуль.

No donators.txt file found
[21:24:47]ACCESS: Login: Kavainoe4udo/(Kavainoe4udo) from 127.0.0.1-3883499222 || BYOND v496
[21:24:48]ACCESS: Login: Kavainoe4udo/(Kavainoe4udo) from 127.0.0.1
[21:26:17]ACCESS: Logout: *no client*/(Kavainoe4udo)
[21:26:17]ACCESS: Login: Kavainoe4udo/(Vincent Oppenheimer) from 127.0.0.1-3883499222 || BYOND v496
[21:26:21]SAY: walle/ : Beep!
[21:26:47]SAY: kobold/ : You no take candle!
[21:26:57]SAY: kobold/ : Where gold here...
[21:27:00]SAY: kobold/ : Me take?
[21:27:26]SAY: kobold/ : Ooh, pretty shiny.
[21:27:28]SAY: kobold/ : You no take candle!
[21:27:40]SAY: kobold/ : You no take candle!
[21:27:46]SAY: kobold/ : Ooh, pretty shiny.
[21:27:47]SAY: Ian/ : YAP
[21:27:53]SAY: kobold/ : Where gold here...
[21:27:56]SAY: kobold/ : Me likey.
[21:27:59]SAY: kobold/ : Where gold here...
[21:28:04]SAY: kobold/ : Me likey.
[21:28:11]SAY: kobold/ : Where gold here...
[21:28:14]SAY: kobold/ : Ooh, pretty shiny.
[21:28:19]SAY: kobold/ : Me likey.
[21:28:49]SAY: Ian/ : AUUUUUU
[21:29:00]SAY: kobold/ : Ooh, pretty shiny.
[21:29:04]SAY: kobold/ : Me likey.
[21:29:14]SAY: kobold/ : Me take?
[21:29:22]SAY: kobold/ : Where gold here...
[21:29:23]ACCESS: Logout: Kavainoe4udo/(Vincent Oppenheimer)


Starting up. 21:41.48
---------------------

[21:41:48]ADMIN: Loading jobban_rank
[21:41:48]ADMIN: jobban_keylist was empty
[21:41:48]ADMIN: Updating jobbanfile!
[21:41:48]ADMIN: Loading Banlist
[21:41:48]ADMIN: Loading whitelist
[21:41:48]ADMIN: Failed to load bwhitelist. Error: Не найден указанный модуль.

No donators.txt file found
[21:43:47]ACCESS: Login: Kavainoe4udo/(Kavainoe4udo) from 127.0.0.1-3883499222 || BYOND v496
[21:43:47]ACCESS: Login: Kavainoe4udo/(Kavainoe4udo) from 127.0.0.1
[21:45:16]ACCESS: Logout: *no client*/(Kavainoe4udo)
[21:45:16]ACCESS: Login: Kavainoe4udo/(Vincent Oppenheimer) from 127.0.0.1-3883499222 || BYOND v496
[21:45:28]SAY: kobold/ : Me take?
[21:45:37]SAY: saturn/ : YAP
[21:46:06]SAY: kobold/ : Me likey.
[21:46:35]SAY: kobold/ : Me likey.
[21:46:35]SAY: kobold/ : Where gold here...
[21:46:50]SAY: kobold/ : Ooh, pretty shiny.
[21:46:57]SAY: kobold/ : You no take candle!
[21:47:01]SAY: kobold/ : You no take candle!
[21:47:11]SAY: kobold/ : Where gold here...
[21:47:17]SAY: kobold/ : You no take candle!
[21:47:21]SAY: kobold/ : Ooh, pretty shiny.
[21:47:25]SAY: kobold/ : You no take candle!
[21:47:35]SAY: kobold/ : Me likey.
[21:47:37]SAY: kobold/ : Me take?
[21:48:03]SAY: kobold/ : Me likey.
[21:48:11]SAY: kobold/ : Where gold here...
[21:48:20]SAY: kobold/ : Ooh, pretty shiny.
[21:48:23]SAY: kobold/ : Ooh, pretty shiny.
[21:48:24]SAY: kobold/ : Where gold here...
[21:48:38]SAY: kobold/ : You no take candle!
[21:48:40]SAY: kobold/ : You no take candle!
[21:49:10]SAY: kobold/ : Me likey.
[21:49:13]SAY: kobold/ : Where gold here...
[21:49:40]SAY: kobold/ : You no take candle!
[21:49:43]SAY: kobold/ : Where gold here...
[21:49:47]SAY: kobold/ : Where gold here...
[21:49:49]SAY: kobold/ : Where gold here...
[21:49:53]SAY: kobold/ : Ooh, pretty shiny.
[21:50:04]SAY: kobold/ : Where gold here...
[21:50:15]SAY: kobold/ : You no take candle!
[21:50:38]SAY: kobold/ : Where gold here...
[21:50:39]SAY: kobold/ : Me likey.
[21:50:58]SAY: kobold/ : You no take candle!
[21:51:06]SAY: kobold/ : You no take candle!
[21:51:20]SAY: kobold/ : Where gold here...
[21:51:21]SAY: Ian/ : Bark!
[21:51:27]SAY: kobold/ : Me take?
[21:51:43]SAY: kobold/ : Me likey.
[21:51:49]SAY: kobold/ : You no take candle!
[21:52:06]SAY: kobold/ : Where gold here...
[21:52:13]SAY: kobold/ : Me take?
[21:52:16]SAY: kobold/ : Ooh, pretty shiny.
[21:52:20]SAY: kobold/ : Ooh, pretty shiny.
[21:52:40]SAY: kobold/ : Me likey.
[21:52:54]SAY: kobold/ : Where gold here...
[21:53:10]SAY: kobold/ : Me take?
[21:53:12]SAY: kobold/ : You no take candle!
[21:53:13]SAY: kobold/ : Me likey.
[21:53:17]SAY: kobold/ : Me likey.
[21:53:19]SAY: kobold/ : Me likey.
[21:53:37]SAY: kobold/ : Me likey.
[21:53:45]SAY: kobold/ : Me likey.
[21:53:51]EMOTE: Vincent Oppenheimer/Kavainoe4udo : <B>Vincent Oppenheimer</B> laughs.
[21:53:52]SAY: kobold/ : You no take candle!
[21:53:52]SAY: kobold/ : Me likey.
[21:53:57]EMOTE: Vincent Oppenheimer/Kavainoe4udo : <B>Vincent Oppenheimer</B> laughs.
[21:54:01]SAY: Pluto/ : Woof!
[21:54:06]SAY: kobold/ : Where gold here...
[21:54:15]SAY: kobold/ : You no take candle!
[21:54:22]SAY: kobold/ : Me take?
[21:55:02]SAY: kobold/ : You no take candle!
[21:55:06]SAY: kobold/ : Where gold here...
[21:55:23]SAY: kobold/ : You no take candle!
[21:55:27]SAY: kobold/ : Me likey.
[21:55:30]SAY: kobold/ : Me likey.
[21:55:47]SAY: kobold/ : You no take candle!
[21:55:56]SAY: kobold/ : Me likey.
[21:55:58]SAY: kobold/ : Ooh, pretty shiny.
[21:56:01]SAY: kobold/ : Me likey.
[21:56:03]SAY: kobold/ : Where gold here...
[21:56:15]SAY: kobold/ : Where gold here...
[21:56:17]SAY: kobold/ : Where gold here...
[21:56:20]SAY: kobold/ : Me likey.
[21:56:24]SAY: kobold/ : Me likey.
[21:56:29]SAY: kobold/ : You no take candle!
[21:56:50]SAY: kobold/ : Where gold here...
[21:57:10]SAY: kobold/ : Where gold here...
[21:57:31]SAY: kobold/ : Me take?
[21:57:39]SAY: kobold/ : Me likey.
[21:57:58]SAY: kobold/ : Ooh, pretty shiny.
[21:57:59]SAY: kobold/ : Ooh, pretty shiny.
[21:58:08]SAY: kobold/ : You no take candle!
[21:58:09]SAY: kobold/ : You no take candle!
[21:58:25]SAY: kobold/ : Me likey.
[21:58:26]SAY: kobold/ : You no take candle!
[21:58:29]SAY: kobold/ : Ooh, pretty shiny.
[21:58:32]SAY: kobold/ : Me take?
[21:58:34]SAY: kobold/ : Ooh, pretty shiny.
[21:58:43]SAY: kobold/ : Where gold here...
[21:59:04]SAY: kobold/ : Ooh, pretty shiny.
[21:59:09]SAY: kobold/ : Where gold here...
[21:59:13]SAY: kobold/ : Me likey.
[21:59:24]SAY: kobold/ : Where gold here...
[21:59:31]SAY: kobold/ : Where gold here...
[21:59:33]SAY: kobold/ : You no take candle!
[21:59:36]SAY: kobold/ : Ooh, pretty shiny.
[21:59:54]SAY: kobold/ : Me likey.
[22:00:02]SAY: kobold/ : Ooh, pretty shiny.
[22:00:03]SAY: kobold/ : Me take?
[22:00:07]SAY: kobold/ : Me take?
[22:00:13]SAY: kobold/ : Where gold here...
[22:00:19]SAY: kobold/ : Where gold here...
[22:00:54]SAY: kobold/ : Me take?
[22:00:59]SAY: kobold/ : Ooh, pretty shiny.
[22:01:05]SAY: kobold/ : You no take candle!
[22:01:08]SAY: kobold/ : Ooh, pretty shiny.
[22:01:18]SAY: kobold/ : Where gold here...
[22:01:21]SAY: kobold/ : Me likey.
[22:01:28]SAY: kobold/ : Ooh, pretty shiny.
[22:02:16]SAY: kobold/ : Ooh, pretty shiny.
[22:02:24]SAY: kobold/ : Me likey.
[22:02:24]SAY: kobold/ : You no take candle!
[22:02:33]SAY: kobold/ : You no take candle!
[22:02:34]SAY: kobold/ : Me take?
[22:02:43]SAY: kobold/ : Where gold here...
[22:02:55]SAY: kobold/ : Ooh, pretty shiny.
[22:03:20]SAY: kobold/ : Me take?
[22:03:33]SAY: kobold/ : You no take candle!
[22:03:40]SAY: Pluto/ : YAP
[22:03:45]SAY: kobold/ : Me likey.
[22:03:49]SAY: kobold/ : Me likey.
[22:03:50]SAY: kobold/ : Ooh, pretty shiny.
[22:03:55]SAY: kobold/ : Me take?
[22:03:55]SAY: kobold/ : Me take?
[22:04:16]SAY: kobold/ : Where gold here...
[22:04:21]SAY: kobold/ : You no take candle!
[22:04:39]SAY: kobold/ : Me take?
[22:04:41]SAY: kobold/ : Where gold here...
[22:04:53]SAY: kobold/ : You no take candle!
[22:04:59]SAY: kobold/ : Where gold here...
[22:05:06]SAY: kobold/ : Where gold here...
[22:05:37]SAY: kobold/ : You no take candle!
[22:05:43]SAY: kobold/ : You no take candle!
[22:05:55]SAY: kobold/ : Me likey.
[22:06:01]SAY: Pluto/ : Bark!
[22:06:09]SAY: kobold/ : Me take?
[22:06:11]SAY: kobold/ : You no take candle!
[22:06:23]SAY: Ian/ : Woof!
[22:06:28]SAY: kobold/ : Ooh, pretty shiny.
[22:06:31]SAY: kobold/ : You no take candle!
[22:06:34]SAY: kobold/ : You no take candle!
[22:06:40]SAY: kobold/ : Where gold here...
[22:06:46]SAY: kobold/ : Me likey.
[22:07:21]SAY: kobold/ : Where gold here...
[22:07:23]SAY: kobold/ : You no take candle!
[22:07:26]SAY: kobold/ : Ooh, pretty shiny.
[22:07:29]SAY: kobold/ : Where gold here...
[22:07:41]SAY: kobold/ : Me take?
[22:08:32]SAY: kobold/ : Ooh, pretty shiny.
[22:09:27]SAY: kobold/ : Me take?
[22:09:49]SAY: kobold/ : Me take?
[22:09:51]SAY: kobold/ : Me likey.
[22:09:53]SAY: kobold/ : Me likey.
[22:10:08]SAY: kobold/ : You no take candle!
[22:10:16]SAY: kobold/ : Ooh, pretty shiny.
[22:10:18]SAY: kobold/ : Me likey.
[22:10:29]SAY: kobold/ : Me likey.
[22:10:39]SAY: kobold/ : Where gold here...
[22:10:45]SAY: kobold/ : Ooh, pretty shiny.
[22:10:53]SAY: kobold/ : Ooh, pretty shiny.
[22:11:09]SAY: kobold/ : Me take?
[22:11:22]SAY: kobold/ : You no take candle!
[22:11:23]SAY: kobold/ : Where gold here...
[22:11:25]SAY: Pluto/ : AUUUUUU
[22:11:28]SAY: kobold/ : Ooh, pretty shiny.
[22:11:46]SAY: kobold/ : Me take?
[22:11:50]SAY: kobold/ : Me likey.
[22:12:13]SAY: kobold/ : Where gold here...
[22:12:16]SAY: kobold/ : Me likey.
[22:12:17]SAY: kobold/ : Where gold here...
[22:12:28]SAY: kobold/ : Where gold here...
[22:12:31]SAY: Ian/ : Woof!
[22:12:31]SAY: kobold/ : Where gold here...
[22:12:32]SAY: kobold/ : Where gold here...
[22:12:57]SAY: kobold/ : Where gold here...
[22:13:08]SAY: kobold/ : Me take?
[22:13:22]SAY: kobold/ : Me likey.
[22:13:23]SAY: kobold/ : Where gold here...
[22:13:31]SAY: kobold/ : Where gold here...
[22:14:09]SAY: kobold/ : Me take?
[22:14:15]SAY: kobold/ : Ooh, pretty shiny.
[22:14:20]SAY: kobold/ : You no take candle!
[22:14:22]SAY: saturn/ : AUUUUUU
[22:14:22]SAY: kobold/ : Me take?
[22:14:23]SAY: kobold/ : You no take candle!
[22:14:31]SAY: kobold/ : Me likey.
[22:14:39]SAY: kobold/ : Where gold here...
[22:14:54]SAY: kobold/ : Where gold here...
[22:15:40]SAY: saturn/ : AUUUUUU
[22:15:55]SAY: kobold/ : Me likey.
[22:15:57]SAY: kobold/ : Ooh, pretty shiny.
[22:16:03]SAY: kobold/ : Ooh, pretty shiny.
[22:16:05]SAY: kobold/ : Me likey.
[22:16:16]SAY: kobold/ : You no take candle!
[22:16:19]SAY: kobold/ : Me take?
[22:16:32]SAY: kobold/ : Me likey.
[22:17:06]SAY: saturn/ : YAP
[22:17:18]SAY: kobold/ : Me likey.
[22:17:21]SAY: kobold/ : Ooh, pretty shiny.
[22:17:36]SAY: kobold/ : You no take candle!
[22:17:40]GAME: Explosion with size (-1, -1, 3) in area Destroyed Lab 
[22:18:00]SAY: kobold/ : Me likey.
[22:18:03]SAY: saturn/ : Bark!
[22:18:26]SAY: kobold/ : Where gold here...
[22:18:30]SAY: kobold/ : Me take?
[22:18:42]SAY: kobold/ : Me likey.
[22:18:48]SAY: kobold/ : Me likey.
[22:18:50]SAY: kobold/ : You no take candle!
[22:19:23]SAY: saturn/ : AUUUUUU
[22:19:29]SAY: kobold/ : Where gold here...
[22:19:30]SAY: kobold/ : You no take candle!
[22:19:33]SAY: kobold/ : Where gold here...
[22:19:41]SAY: kobold/ : Me likey.
[22:19:50]SAY: kobold/ : Me likey.
[22:19:51]SAY: kobold/ : Where gold here...
[22:19:57]SAY: kobold/ : Me likey.
[22:20:05]SAY: kobold/ : Ooh, pretty shiny.
[22:20:08]SAY: kobold/ : Ooh, pretty shiny.
[22:20:33]SAY: kobold/ : You no take candle!
[22:20:44]SAY: kobold/ : Me take?
[22:20:48]SAY: Ian/ : Bark!
[22:21:13]SAY: kobold/ : You no take candle!
[22:21:15]SAY: kobold/ : Me take?
[22:21:30]SAY: kobold/ : Where gold here...
[22:21:37]ACCESS: Logout: Kavainoe4udo/(Vincent Oppenheimer)
