

Starting up. 00:48.16
---------------------

[00:48:16]ADMIN: Loading jobban_rank
[00:48:16]ADMIN: jobban_keylist was empty
[00:48:16]ADMIN: Updating jobbanfile!
[00:48:16]ADMIN: Loading Banlist
[00:48:16]ADMIN: Loading whitelist
[00:48:16]ADMIN: Failed to load bwhitelist. Error: Не найден указанный модуль.

No donators.txt file found
[00:52:26]ACCESS: Login: Kavainoe4udo/(Kavainoe4udo) from 127.0.0.1-3883499222 || BYOND v496
[00:52:26]ACCESS: Login: Kavainoe4udo/(Kavainoe4udo) from 127.0.0.1
[00:52:35]ADMIN: Kavainoe4udo has started the game.
[00:52:36]ACCESS: Logout: *no client*/(Kavainoe4udo)
[00:52:36]ACCESS: Login: Kavainoe4udo/(Vincent Oppenheimer) from 127.0.0.1-3883499222 || BYOND v496
[00:52:40]SAY: kobold/ : Me take?
[00:53:02]ADMIN: Kavainoe4udo/(Vincent Oppenheimer) jumped to the Prison Security Checkpoint
[00:53:04]SAY: kobold/ : You no take candle!
[00:53:31]SAY: kobold/ : Me take?
[00:53:43]SAY: kobold/ : You no take candle!
[00:54:00]SAY: kobold/ : Where gold here...
[00:54:24]SAY: kobold/ : Me take?
[00:54:34]SAY: kobold/ : You no take candle!
[00:54:47]SAY: Ian/ : Woof!
[00:54:59]SAY: Pluto/ : AUUUUUU
[00:55:09]SAY: kobold/ : Me likey.
[00:55:28]SAY: kobold/ : You no take candle!
[00:55:43]SAY: Ian/ : Bark!
[00:55:46]SAY: kobold/ : Me likey.
[00:56:35]ACCESS: Logout: Kavainoe4udo/(Vincent Oppenheimer)


Starting up. 01:35.01
---------------------

[01:35:01]ADMIN: Loading jobban_rank
[01:35:02]ADMIN: jobban_keylist was empty
[01:35:02]ADMIN: Updating jobbanfile!
[01:35:02]ADMIN: Loading Banlist
[01:35:02]ADMIN: Loading whitelist
[01:35:02]ADMIN: Failed to load bwhitelist. Error: Не найден указанный модуль.

No donators.txt file found
[01:35:58]ACCESS: Login: Kavainoe4udo/(Kavainoe4udo) from 127.0.0.1-3883499222 || BYOND v496
[01:35:58]ACCESS: Login: Kavainoe4udo/(Kavainoe4udo) from 127.0.0.1
[01:36:32]ADMIN: Kavainoe4udo has started the game.
[01:36:33]ACCESS: Logout: *no client*/(Kavainoe4udo)
[01:36:33]ACCESS: Login: Kavainoe4udo/(Vincent Oppenheimer) from 127.0.0.1-3883499222 || BYOND v496
[01:36:52]SAY: kobold/ : Ooh, pretty shiny.
[01:36:56]ADMIN: Kavainoe4udo/(Vincent Oppenheimer) jumped to the Prison Security Checkpoint
[01:37:10]SAY: kobold/ : Where gold here...
[01:37:17]SAY: kobold/ : Me likey.
[01:38:10]SAY: Ian/ : YAP
[01:38:34]SAY: kobold/ : Ooh, pretty shiny.
[01:38:41]ADMIN: Kavainoe4udo/(Vincent Oppenheimer) created a /obj/item/weapon/coin/gold
[01:38:44]SAY: kobold/ : Me take?
[01:38:45]SAY: Pluto/ : YAP
[01:39:06]SAY: Pluto/ : Bark!
[01:39:36]ADMIN: Kavainoe4udo/(Vincent Oppenheimer) created a /obj/item/weapon/coin/iron
[01:39:38]SAY: kobold/ : You no take candle!
[01:39:54]ADMIN: Kavainoe4udo/(Vincent Oppenheimer) created a /obj/item/weapon/coin/plasma
[01:40:01]SAY: kobold/ : Me likey.
[01:40:11]SAY: Pluto/ : YAP
[01:40:26]SAY: kobold/ : Ooh, pretty shiny.
[01:40:55]SAY: kobold/ : You no take candle!
[01:41:06]SAY: kobold/ : Me take?
[01:41:07]SAY: kobold/ : Me take?
[01:41:10]ACCESS: Logout: Kavainoe4udo/(Vincent Oppenheimer)


Starting up. 02:59.24
---------------------

[02:59:24]ADMIN: Loading jobban_rank
[02:59:24]ADMIN: jobban_keylist was empty
[02:59:24]ADMIN: Updating jobbanfile!
[02:59:24]ADMIN: Loading Banlist
[02:59:24]ADMIN: Loading whitelist
[02:59:24]ADMIN: Failed to load bwhitelist. Error: Не найден указанный модуль.

No donators.txt file found
[03:00:52]ACCESS: Login: Kavainoe4udo/(Kavainoe4udo) from 127.0.0.1-3883499222 || BYOND v496
[03:00:52]ACCESS: Login: Kavainoe4udo/(Kavainoe4udo) from 127.0.0.1
[03:01:17]ADMIN: Kavainoe4udo has started the game.
[03:01:17]ACCESS: Logout: *no client*/(Kavainoe4udo)
[03:01:17]ACCESS: Login: Kavainoe4udo/(Vincent Oppenheimer) from 127.0.0.1-3883499222 || BYOND v496
[03:01:37]ADMIN: Kavainoe4udo/(Vincent Oppenheimer) jumped to the Prison Hallway
[03:02:01]SAY: Pluto/ : AUUUUUU
[03:02:33]SAY: kobold/ : Ooh, pretty shiny.
[03:02:37]SAY: kobold/ : Me take?
[03:02:51]SAY: kobold/ : Me take?
[03:02:57]SAY: saturn/ : Bark!
[03:02:59]ADMIN: Kavainoe4udo/(Vincent Oppenheimer) created a /obj/item/stack/sheet/diamond
[03:03:00]SAY: kobold/ : Ooh, pretty shiny.
[03:03:03]SAY: kobold/ : You no take candle!
[03:03:14]SAY: kobold/ : Where gold here...
[03:03:23]SAY: kobold/ : Where gold here...
[03:03:28]SAY: kobold/ : You no take candle!
[03:03:35]ADMIN: Kavainoe4udo/(Vincent Oppenheimer) created a /obj/item/stack/sheet/silver
[03:03:39]SAY: Ian/ : AUUUUUU
[03:03:52]SAY: kobold/ : Me take?
[03:03:52]ACCESS: Logout: Kavainoe4udo/(Vincent Oppenheimer)


Starting up. 03:18.03
---------------------

[03:18:03]ADMIN: Loading jobban_rank
[03:18:03]ADMIN: jobban_keylist was empty
[03:18:03]ADMIN: Updating jobbanfile!
[03:18:03]ADMIN: Loading Banlist
[03:18:03]ADMIN: Loading whitelist
[03:18:03]ADMIN: Failed to load bwhitelist. Error: Не найден указанный модуль.

No donators.txt file found
[03:20:00]ACCESS: Login: Kavainoe4udo/(Kavainoe4udo) from 127.0.0.1-3883499222 || BYOND v496
[03:20:00]ACCESS: Login: Kavainoe4udo/(Kavainoe4udo) from 127.0.0.1
[03:20:42]ADMIN: Kavainoe4udo has started the game.
[03:20:43]ACCESS: Logout: *no client*/(Kavainoe4udo)
[03:20:43]ACCESS: Login: Kavainoe4udo/(Vincent Oppenheimer) from 127.0.0.1-3883499222 || BYOND v496
[03:20:56]SAY: kobold/ : Where gold here...
[03:20:56]ADMIN: Kavainoe4udo/(Vincent Oppenheimer) jumped to the Prison Hallway
[03:21:04]SAY: kobold/ : You no take candle!
[03:21:08]SAY: kobold/ : You no take candle!
[03:21:26]SAY: kobold/ : Me take?
[03:21:40]SAY: saturn/ : AUUUUUU
[03:22:48]SAY: kobold/ : Me take?
[03:23:01]SAY: saturn/ : Bark!
[03:23:04]SAY: kobold/ : Where gold here...
[03:23:28]SAY: kobold/ : Me take?
[03:23:49]SAY: kobold/ : You no take candle!
[03:23:52]SAY: Ian/ : YAP
[03:23:52]SAY: kobold/ : Where gold here...
[03:24:14]SAY: kobold/ : Me take?
[03:24:55]SAY: Ian/ : YAP
[03:24:55]SAY: kobold/ : Ooh, pretty shiny.
[03:25:02]SAY: kobold/ : You no take candle!
[03:25:27]SAY: kobold/ : Me take?
[03:25:33]SAY: kobold/ : Ooh, pretty shiny.
[03:25:45]SAY: kobold/ : Ooh, pretty shiny.
[03:26:03]SAY: Ian/ : AUUUUUU
[03:26:17]SAY: kobold/ : Me likey.
[03:26:20]SAY: kobold/ : Where gold here...
[03:27:41]SAY: kobold/ : You no take candle!
[03:28:00]SAY: kobold/ : You no take candle!
[03:28:05]ADMIN: Kavainoe4udo/(Vincent Oppenheimer) created a /obj/machinery/power/port_gen/pacman/super
[03:28:21]SAY: kobold/ : Me take?
[03:28:35]ACCESS: Logout: Kavainoe4udo/(Vincent Oppenheimer)


Starting up. 03:49.05
---------------------

[03:49:05]ADMIN: Loading jobban_rank
[03:49:05]ADMIN: jobban_keylist was empty
[03:49:05]ADMIN: Updating jobbanfile!
[03:49:05]ADMIN: Loading Banlist
[03:49:05]ADMIN: Loading whitelist
[03:49:05]ADMIN: Failed to load bwhitelist. Error: Не найден указанный модуль.

No donators.txt file found
[03:50:35]ACCESS: Login: Kavainoe4udo/(Kavainoe4udo) from 127.0.0.1-3883499222 || BYOND v496
[03:50:35]ACCESS: Login: Kavainoe4udo/(Kavainoe4udo) from 127.0.0.1
[03:52:27]ADMIN: Kavainoe4udo has started the game.
[03:52:28]ACCESS: Logout: *no client*/(Kavainoe4udo)
[03:52:28]ACCESS: Login: Kavainoe4udo/(Vincent Oppenheimer) from 127.0.0.1-3883499222 || BYOND v496
[03:52:37]SAY: kobold/ : Me take?
[03:53:00]ADMIN: Kavainoe4udo/(Vincent Oppenheimer) jumped to the Prison Solar Array
[03:53:05]SAY: kobold/ : Me take?
[03:53:08]ADMIN: Kavainoe4udo/(Vincent Oppenheimer) jumped to the Prison Engineering
[03:53:20]SAY: kobold/ : Me likey.
[03:54:30]SAY: Pluto/ : Bark!
[03:55:05]SAY: kobold/ : Me take?
[03:55:09]SAY: Ian/ : AUUUUUU
[03:55:56]SAY: kobold/ : Me take?
[03:56:27]ACCESS: Logout: *no client*/(Vincent Oppenheimer)
[03:56:27]ACCESS: Login: Kavainoe4udo/(Vincent Oppenheimer) from 127.0.0.1-3883499222 || BYOND v496
[03:56:29]EMOTE: Vincent Oppenheimer/ : <B>Vincent Oppenheimer</B> snores.
[03:56:33]EMOTE: Vincent Oppenheimer/ : <B>Vincent Oppenheimer</B> snores.
[03:56:41]ADMIN: Kavainoe4udo/(Vincent Oppenheimer) deleted Canister: [N2O] at (48,149,5)
[03:56:49]SAY: kobold/ : Me take?
[03:56:55]EMOTE: Vincent Oppenheimer/ : <B>Vincent Oppenheimer</B> snores.
[03:57:03]EMOTE: Vincent Oppenheimer/ : <B>Vincent Oppenheimer</B> snores.
[03:57:05]ADMIN: Kavainoe4udo/(Vincent Oppenheimer) modified floor's air to 
[03:57:05]EMOTE: Vincent Oppenheimer/ : <B>Vincent Oppenheimer</B> snores.
[03:57:16]ADMIN: Kavainoe4udo/(Vincent Oppenheimer) mass modified floor's air to 
[03:57:18]EMOTE: Vincent Oppenheimer/ : <B>Vincent Oppenheimer</B> snores.
[03:57:19]EMOTE: Vincent Oppenheimer/ : <B>Vincent Oppenheimer</B> snores.
[03:57:22]EMOTE: Vincent Oppenheimer/ : <B>Vincent Oppenheimer</B> snores.
[03:57:39]SAY: kobold/ : Me likey.
[03:57:47]EMOTE: Vincent Oppenheimer/ : <B>Vincent Oppenheimer</B> snores.
[03:57:56]ADMIN: Kavainoe4udo/(Vincent Oppenheimer) initiated a reboot.
[03:58:00]EMOTE: Vincent Oppenheimer/ : <B>Vincent Oppenheimer</B> snores.
[03:58:01]ACCESS: Logout: Kavainoe4udo/(Vincent Oppenheimer)


Starting up. 04:01.08
---------------------

[04:01:08]ADMIN: Loading jobban_rank
[04:01:08]ADMIN: jobban_keylist was empty
[04:01:08]ADMIN: Updating jobbanfile!
[04:01:08]ADMIN: Loading Banlist
[04:01:08]ADMIN: Loading whitelist
[04:01:08]ADMIN: Failed to load bwhitelist. Error: Невозможно создать файл, так как он уже существует.

No donators.txt file found
